[debug] [2021-03-15T20:25:03.098Z] ----------------------------------------------------------------------
[debug] [2021-03-15T20:25:03.100Z] Command:       C:\Program Files\nodejs\node.exe C:\Users\thero\AppData\Roaming\npm\node_modules\firebase-tools\lib\bin\firebase.js deploy
[debug] [2021-03-15T20:25:03.101Z] CLI Version:   9.6.1
[debug] [2021-03-15T20:25:03.101Z] Platform:      win32
[debug] [2021-03-15T20:25:03.101Z] Node Version:  v14.16.0
[debug] [2021-03-15T20:25:03.102Z] Time:          Mon Mar 15 2021 16:25:03 GMT-0400 (Eastern Daylight Time)
[debug] [2021-03-15T20:25:03.102Z] ----------------------------------------------------------------------
[debug] [2021-03-15T20:25:03.102Z] 
[debug] [2021-03-15T20:25:03.108Z] > command requires scopes: ["email","openid","https://www.googleapis.com/auth/cloudplatformprojects.readonly","https://www.googleapis.com/auth/firebase","https://www.googleapis.com/auth/cloud-platform"]
[debug] [2021-03-15T20:25:03.108Z] > authorizing via signed-in user
[debug] [2021-03-15T20:25:03.108Z] [iam] checking project shoesters-d25da for permissions ["firebase.projects.get","firebasehosting.sites.update"]
[debug] [2021-03-15T20:25:03.110Z] >>> HTTP REQUEST POST https://cloudresourcemanager.googleapis.com/v1/projects/shoesters-d25da:testIamPermissions  
 {"permissions":["firebase.projects.get","firebasehosting.sites.update"]}
[debug] [2021-03-15T20:25:03.278Z] <<< HTTP RESPONSE 200 {"content-type":"application/json; charset=UTF-8","vary":"X-Origin, Referer, Origin,Accept-Encoding","date":"Mon, 15 Mar 2021 20:25:03 GMT","server":"ESF","cache-control":"private","x-xss-protection":"0","x-frame-options":"SAMEORIGIN","x-content-type-options":"nosniff","server-timing":"gfet4t7; dur=51","alt-svc":"h3-29=\":443\"; ma=2592000,h3-T051=\":443\"; ma=2592000,h3-Q050=\":443\"; ma=2592000,h3-Q046=\":443\"; ma=2592000,h3-Q043=\":443\"; ma=2592000,quic=\":443\"; ma=2592000; v=\"46,43\"","accept-ranges":"none","transfer-encoding":"chunked"}
[debug] [2021-03-15T20:25:03.280Z] > refreshing access token with scopes: []
[debug] [2021-03-15T20:25:03.280Z] >>> HTTP REQUEST POST https://www.googleapis.com/oauth2/v3/token  
 <request body omitted>
[debug] [2021-03-15T20:25:03.410Z] <<< HTTP RESPONSE 200 {"date":"Mon, 15 Mar 2021 20:25:03 GMT","pragma":"no-cache","expires":"Mon, 01 Jan 1990 00:00:00 GMT","cache-control":"no-cache, no-store, max-age=0, must-revalidate","content-type":"application/json; charset=utf-8","vary":"X-Origin, Referer, Origin,Accept-Encoding","server":"scaffolding on HTTPServer2","x-xss-protection":"0","x-frame-options":"SAMEORIGIN","x-content-type-options":"nosniff","alt-svc":"h3-29=\":443\"; ma=2592000,h3-T051=\":443\"; ma=2592000,h3-Q050=\":443\"; ma=2592000,h3-Q046=\":443\"; ma=2592000,h3-Q043=\":443\"; ma=2592000,quic=\":443\"; ma=2592000; v=\"46,43\"","accept-ranges":"none","transfer-encoding":"chunked"}
[debug] [2021-03-15T20:25:03.427Z] >>> [apiv2][query] GET https://firebase.googleapis.com/v1beta1/projects/shoesters-d25da [none]
[debug] [2021-03-15T20:25:03.681Z] <<< [apiv2][status] GET https://firebase.googleapis.com/v1beta1/projects/shoesters-d25da 200
[debug] [2021-03-15T20:25:03.681Z] <<< [apiv2][body] GET https://firebase.googleapis.com/v1beta1/projects/shoesters-d25da {"projectId":"shoesters-d25da","projectNumber":"396562714210","displayName":"Shoesters","name":"projects/shoesters-d25da","resources":{"hostingSite":"shoesters-d25da"},"state":"ACTIVE"}
[info] 
[info] === Deploying to 'shoesters-d25da'...
[info] 
[info] i  deploying hosting 
[debug] [2021-03-15T20:25:03.684Z] > refreshing access token with scopes: ["email","https://www.googleapis.com/auth/cloud-platform","https://www.googleapis.com/auth/cloudplatformprojects.readonly","https://www.googleapis.com/auth/firebase","openid"]
[debug] [2021-03-15T20:25:03.685Z] >>> HTTP REQUEST POST https://www.googleapis.com/oauth2/v3/token  
 <request body omitted>
[debug] [2021-03-15T20:25:03.791Z] <<< HTTP RESPONSE 200 {"cache-control":"no-cache, no-store, max-age=0, must-revalidate","date":"Mon, 15 Mar 2021 20:25:03 GMT","pragma":"no-cache","expires":"Mon, 01 Jan 1990 00:00:00 GMT","content-type":"application/json; charset=utf-8","vary":"X-Origin, Referer, Origin,Accept-Encoding","server":"scaffolding on HTTPServer2","x-xss-protection":"0","x-frame-options":"SAMEORIGIN","x-content-type-options":"nosniff","alt-svc":"h3-29=\":443\"; ma=2592000,h3-T051=\":443\"; ma=2592000,h3-Q050=\":443\"; ma=2592000,h3-Q046=\":443\"; ma=2592000,h3-Q043=\":443\"; ma=2592000,quic=\":443\"; ma=2592000; v=\"46,43\"","accept-ranges":"none","transfer-encoding":"chunked"}
[debug] [2021-03-15T20:25:03.794Z] >>> HTTP REQUEST POST https://firebasehosting.googleapis.com/v1beta1/sites/shoesters-d25da/versions  
 {"config":{"rewrites":[{"glob":"**","path":"/index.html"}]},"labels":{"deployment-tool":"cli-firebase"}}
[debug] [2021-03-15T20:25:04.543Z] <<< HTTP RESPONSE 200 {"content-type":"application/json; charset=UTF-8","vary":"X-Origin, Referer, Origin,Accept-Encoding","date":"Mon, 15 Mar 2021 20:25:04 GMT","server":"ESF","cache-control":"private","x-xss-protection":"0","x-frame-options":"SAMEORIGIN","x-content-type-options":"nosniff","alt-svc":"h3-29=\":443\"; ma=2592000,h3-T051=\":443\"; ma=2592000,h3-Q050=\":443\"; ma=2592000,h3-Q046=\":443\"; ma=2592000,h3-Q043=\":443\"; ma=2592000,quic=\":443\"; ma=2592000; v=\"46,43\"","accept-ranges":"none","transfer-encoding":"chunked"}
[info] i  hosting[shoesters-d25da]: beginning deploy... 
[info] i  hosting[shoesters-d25da]: found 35 files in dist 
[debug] [2021-03-15T20:25:04.914Z] > refreshing access token with scopes: []
[debug] [2021-03-15T20:25:04.915Z] >>> HTTP REQUEST POST https://www.googleapis.com/oauth2/v3/token  
 <request body omitted>
[debug] [2021-03-15T20:25:04.916Z] [hosting] hash cache [ZGlzdA] stored for 35 files
[debug] [2021-03-15T20:25:04.916Z] [hosting][hash queue][FINAL] {"max":326,"min":17,"avg":57.8,"active":0,"complete":35,"success":35,"errored":0,"retried":0,"total":35,"elapsed":337}
[debug] [2021-03-15T20:25:05.030Z] <<< HTTP RESPONSE 200 {"expires":"Mon, 01 Jan 1990 00:00:00 GMT","date":"Mon, 15 Mar 2021 20:25:04 GMT","cache-control":"no-cache, no-store, max-age=0, must-revalidate","pragma":"no-cache","content-type":"application/json; charset=utf-8","vary":"X-Origin, Referer, Origin,Accept-Encoding","server":"scaffolding on HTTPServer2","x-xss-protection":"0","x-frame-options":"SAMEORIGIN","x-content-type-options":"nosniff","alt-svc":"h3-29=\":443\"; ma=2592000,h3-T051=\":443\"; ma=2592000,h3-Q050=\":443\"; ma=2592000,h3-Q046=\":443\"; ma=2592000,h3-Q043=\":443\"; ma=2592000,quic=\":443\"; ma=2592000; v=\"46,43\"","accept-ranges":"none","transfer-encoding":"chunked"}
[debug] [2021-03-15T20:25:05.044Z] >>> [apiv2][query] POST https://firebasehosting.googleapis.com/v1beta1/sites/shoesters-d25da/versions/f3c9344578b34768:populateFiles [none]
[debug] [2021-03-15T20:25:05.045Z] >>> [apiv2][body] POST https://firebasehosting.googleapis.com/v1beta1/sites/shoesters-d25da/versions/f3c9344578b34768:populateFiles {"files":{"/index.html":"816c600011546b8fa468f7cdb1706014b294044cdc1d5b002d72c5f1389ff811","/css/app.0d5b3e14.css":"085c007622a96eb5ad3d07a5175619a327e35b1d3982304de0e8054695931302","/favicon.ico":"608dad2227d9513f3db71ba0e69b6d634183a7b878a00ae01ee7ec39dc42fb4c","/fonts/fa-regular-400.847712aa.woff2":"1927d5cb3af67f3aac0b91430daf8f6fb39690be7020406b47b00dca6930960e","/img/about_us_background.0be23cfc.svg":"e84885cfca845b24f40f980c2ea211e598e52489ddc97d1576732850ff7e4353","/img/brands.187e0343.svg":"399a624f715c14adb9786d2b7e6037a5210a625cc52f5bb5864de17c1cf3b78a","/img/hero.e372de89.svg":"dc807d5532c3b40b3c572a3e8a510d3d9869a0ccd9f02ee1d95abb8d52d833cc","/img/location_background.f53d79a8.svg":"41871571cf3b9abebfa9782ac8ed8ecbf727fa7907848684e5e0985b4a895767","/img/logo.0b143bee.svg":"2b0e11ab43e995c7cca0fd41de86dc5cad01650f611a9a7742fc74d4b861051d","/img/location_logo.3c528bf9.svg":"72a7a64956818cb4fcbf8cd58dc5602ad45b60001753be9826056eed95597db5","/img/swirl.b1ea15e5.svg":"0992c6551ec976cf955bb01a76fd265430bd64fd8b4e729996327698c1b6e019","/js/app.b325a03f.js":"597481a4f828909534bc8c8013d0b53eb94a4c090937c67bd613f4662ed040b7","/js/app.b325a03f.js.map":"97584264073e166c9d2565b7f72afc4bf0f6d602da7f5621befdace697093236","/fonts/fa-regular-400.0232fe8b.eot":"5b9433ce9874614d722186756eade547b54f44dcfc0238d08d3d91ecb10a24a3","/fonts/fa-regular-400.3cace4a0.woff":"7e059eb00d2c44d8ceaeb3442dd680425dda5584dfc8ad0c28b980a15afccef8","/fonts/fa-regular-400.398be22b.ttf":"7fabae138866677404b3cb5bd9f80a47b06971b18a1f4e7525965649ab5a2ef7","/css/chunk-vendors.f284d068.css":"fe6c06c58f0f76b7107a819813c0ac8306e592b1282eddf4824c10111c4bca14","/fonts/fa-brands-400.0c9f225e.woff2":"20bb1b179d99d1159ac1db15db77b604493f24a6517fc2c5a0269ee85753f1c6","/img/fa-regular-400.d0fdc7c2.svg":"08ef6c97387e1a3bf08776a3631b4f3e7bfe7014916c1a3b7fd116270f8544b2","/fonts/fa-solid-900.9ae050d1.woff2":"5af118ffa70eb8451b82348e2e4e01d994e771e8bedb2fbf5ba2032d00bcd9bb","/fonts/fa-brands-400.0ce1e868.woff":"2134a37105b78605906a715279d6fb678cc223dd8aad01727067c4f185c65c97","/fonts/fa-brands-400.d28c96ca.eot":"f3c467ad88ac6e80b15de195bfbd5145fb8efd3cac98c67e6de9c79505c4406a","/fonts/fa-solid-900.4bfbf7eb.woff":"df097e3c5feb38033dba6e65e22df548dcf577d41f169f5c25cdc6bf2fbc31ef","/fonts/fa-brands-400.dfe5aa43.ttf":"4391cc9753aad59c5b3d0ee6138ca7bf057cb01b0a09e12268ad5df6db716761","/fonts/fa-solid-900.260d033f.ttf":"4b714effb5fcb4a074d2ca52f6e00713b198d5f64c1631913a8637a704a8048b","/fonts/fa-solid-900.00bb62bc.eot":"7229c5673bd469fb442c054cc103af0d60367509be6aa7cb7e56e01b07ee6966","/img/shoe_2.e7d08d24.png":"51d81e37d862b467d908c909745d745640fb41d16695d47ad9e51a39000b2578","/img/fa-solid-900.2306f642.svg":"e32a4dac9a8cedc2e2f27e5022c297348d8ab406120608831453652d96a7db17","/img/fa-brands-400.5d10d009.svg":"6b3ab35d5d9a5958588e82e2c954a0fd0d884093e5e346234633e82da16e81ec","/img/owner.3e04ce40.png":"b0e3308c92d53f96faabd741d0fbf1b61a04a0728817d96d5f3d7a600fd5eaea","/img/shoe_3.f485a03c.png":"9bea8f44d3f87f21a1496a88149aa5d26601be0722d88e20e8950a032fa906f1","/js/chunk-vendors.d00b168a.js":"aadb93c05a222024cf35ce77deec89722af206721ae94d66ed94cda1af41b892","/img/shoe_11.80e221c0.png":"114efd27efe0393842e312444dd2db185e792d51ae6c55fa6b16f1d87938f12a","/img/shoes.233ecc9d.svg":"39445d036dbca232c526859612b1137a4142df83f230e261e599b9fa8215082b","/js/chunk-vendors.d00b168a.js.map":"7a8b93f1aaa1f54264d4a6e64c36c790f8b077130120ddb74b39abb12bcd7668"}}
[debug] [2021-03-15T20:25:05.663Z] <<< [apiv2][status] POST https://firebasehosting.googleapis.com/v1beta1/sites/shoesters-d25da/versions/f3c9344578b34768:populateFiles 200
[debug] [2021-03-15T20:25:05.663Z] <<< [apiv2][body] POST https://firebasehosting.googleapis.com/v1beta1/sites/shoesters-d25da/versions/f3c9344578b34768:populateFiles {"uploadRequiredHashes":["085c007622a96eb5ad3d07a5175619a327e35b1d3982304de0e8054695931302","816c600011546b8fa468f7cdb1706014b294044cdc1d5b002d72c5f1389ff811"],"uploadUrl":"https://upload-firebasehosting.googleapis.com/upload/sites/shoesters-d25da/versions/f3c9344578b34768/files"}
[debug] [2021-03-15T20:25:05.664Z] >>> [apiv2][query] POST https://upload-firebasehosting.googleapis.com/upload/sites/shoesters-d25da/versions/f3c9344578b34768/files/085c007622a96eb5ad3d07a5175619a327e35b1d3982304de0e8054695931302 [none]
[debug] [2021-03-15T20:25:05.664Z] >>> [apiv2][body] POST https://upload-firebasehosting.googleapis.com/upload/sites/shoesters-d25da/versions/f3c9344578b34768/files/085c007622a96eb5ad3d07a5175619a327e35b1d3982304de0e8054695931302 [stream]
[debug] [2021-03-15T20:25:05.665Z] >>> [apiv2][query] POST https://upload-firebasehosting.googleapis.com/upload/sites/shoesters-d25da/versions/f3c9344578b34768/files/816c600011546b8fa468f7cdb1706014b294044cdc1d5b002d72c5f1389ff811 [none]
[debug] [2021-03-15T20:25:05.665Z] >>> [apiv2][body] POST https://upload-firebasehosting.googleapis.com/upload/sites/shoesters-d25da/versions/f3c9344578b34768/files/816c600011546b8fa468f7cdb1706014b294044cdc1d5b002d72c5f1389ff811 [stream]
[debug] [2021-03-15T20:25:05.665Z] [hosting][populate queue][FINAL] {"max":750,"min":750,"avg":750,"active":0,"complete":1,"success":1,"errored":0,"retried":0,"total":1,"elapsed":751}
[debug] [2021-03-15T20:25:05.665Z] [hosting] uploads queued: 2
[debug] [2021-03-15T20:25:06.391Z] <<< [apiv2][status] POST https://upload-firebasehosting.googleapis.com/upload/sites/shoesters-d25da/versions/f3c9344578b34768/files/085c007622a96eb5ad3d07a5175619a327e35b1d3982304de0e8054695931302 200
[debug] [2021-03-15T20:25:06.391Z] <<< [apiv2][body] POST https://upload-firebasehosting.googleapis.com/upload/sites/shoesters-d25da/versions/f3c9344578b34768/files/085c007622a96eb5ad3d07a5175619a327e35b1d3982304de0e8054695931302 [stream]
[debug] [2021-03-15T20:25:06.482Z] <<< [apiv2][status] POST https://upload-firebasehosting.googleapis.com/upload/sites/shoesters-d25da/versions/f3c9344578b34768/files/816c600011546b8fa468f7cdb1706014b294044cdc1d5b002d72c5f1389ff811 200
[debug] [2021-03-15T20:25:06.482Z] <<< [apiv2][body] POST https://upload-firebasehosting.googleapis.com/upload/sites/shoesters-d25da/versions/f3c9344578b34768/files/816c600011546b8fa468f7cdb1706014b294044cdc1d5b002d72c5f1389ff811 [stream]
[debug] [2021-03-15T20:25:06.483Z] [hosting][upload queue][FINAL] {"max":818,"min":728,"avg":773,"active":0,"complete":2,"success":2,"errored":0,"retried":0,"total":2,"elapsed":820}
[info] +  hosting[shoesters-d25da]: file upload complete 
[debug] [2021-03-15T20:25:06.485Z] [hosting] deploy completed after 1939ms
[debug] [2021-03-15T20:25:06.487Z] [
  {
    "config": {
      "public": "dist",
      "ignore": [
        "firebase.json",
        "**/.*",
        "**/node_modules/**"
      ],
      "rewrites": [
        {
          "source": "**",
          "destination": "/index.html"
        }
      ],
      "site": "shoesters-d25da"
    },
    "site": "shoesters-d25da",
    "version": "sites/shoesters-d25da/versions/f3c9344578b34768"
  }
]
[info] i  hosting[shoesters-d25da]: finalizing version... 
[debug] [2021-03-15T20:25:06.489Z] > refreshing access token with scopes: ["email","https://www.googleapis.com/auth/cloud-platform","https://www.googleapis.com/auth/cloudplatformprojects.readonly","https://www.googleapis.com/auth/firebase","openid"]
[debug] [2021-03-15T20:25:06.489Z] >>> HTTP REQUEST POST https://www.googleapis.com/oauth2/v3/token  
 <request body omitted>
[debug] [2021-03-15T20:25:06.614Z] <<< HTTP RESPONSE 200 {"pragma":"no-cache","cache-control":"no-cache, no-store, max-age=0, must-revalidate","expires":"Mon, 01 Jan 1990 00:00:00 GMT","date":"Mon, 15 Mar 2021 20:25:06 GMT","content-type":"application/json; charset=utf-8","vary":"X-Origin, Referer, Origin,Accept-Encoding","server":"scaffolding on HTTPServer2","x-xss-protection":"0","x-frame-options":"SAMEORIGIN","x-content-type-options":"nosniff","alt-svc":"h3-29=\":443\"; ma=2592000,h3-T051=\":443\"; ma=2592000,h3-Q050=\":443\"; ma=2592000,h3-Q046=\":443\"; ma=2592000,h3-Q043=\":443\"; ma=2592000,quic=\":443\"; ma=2592000; v=\"46,43\"","accept-ranges":"none","transfer-encoding":"chunked"}
[debug] [2021-03-15T20:25:06.627Z] >>> HTTP REQUEST PATCH https://firebasehosting.googleapis.com/v1beta1/sites/shoesters-d25da/versions/f3c9344578b34768?updateMask=status  
 {"status":"FINALIZED"}
